{"U:\\Image Project\\src\\server.ts": {"path":"U:\\Image Project\\src\\server.ts","statementMap":{"0":{"start":{"line":1,"column":0},"end":{"line":1,"column":69}},"1":{"start":{"line":2,"column":0},"end":{"line":2,"column":24}},"2":{"start":{"line":4,"column":0},"end":{"line":4,"column":28}},"3":{"start":{"line":6,"column":13},"end":{"line":6,"column":29}},"4":{"start":{"line":7,"column":13},"end":{"line":7,"column":17}},"5":{"start":{"line":8,"column":18},"end":{"line":8,"column":44}},"6":{"start":{"line":9,"column":0},"end":{"line":9,"column":35}},"7":{"start":{"line":12,"column":0},"end":{"line":12,"column":69}},"8":{"start":{"line":15,"column":0},"end":{"line":17,"column":3}},"9":{"start":{"line":16,"column":2},"end":{"line":16,"column":51}},"10":{"start":{"line":19,"column":16},"end":{"line":38,"column":2}},"11":{"start":{"line":25,"column":4},"end":{"line":25,"column":25}},"12":{"start":{"line":32,"column":25},"end":{"line":32,"column":75}},"13":{"start":{"line":33,"column":4},"end":{"line":36,"column":6}},"14":{"start":{"line":40,"column":19},"end":{"line":53,"column":1}},"15":{"start":{"line":45,"column":23},"end":{"line":45,"column":40}},"16":{"start":{"line":46,"column":14},"end":{"line":46,"column":59}},"17":{"start":{"line":47,"column":2},"end":{"line":52,"column":3}},"18":{"start":{"line":48,"column":4},"end":{"line":48,"column":19}},"19":{"start":{"line":51,"column":4},"end":{"line":51,"column":20}},"20":{"start":{"line":55,"column":15},"end":{"line":55,"column":67}},"21":{"start":{"line":57,"column":38},"end":{"line":64,"column":1}},"22":{"start":{"line":58,"column":2},"end":{"line":61,"column":3}},"23":{"start":{"line":59,"column":5},"end":{"line":59,"column":93}},"24":{"start":{"line":60,"column":4},"end":{"line":60,"column":11}},"25":{"start":{"line":62,"column":2},"end":{"line":62,"column":42}},"26":{"start":{"line":63,"column":2},"end":{"line":63,"column":84}},"27":{"start":{"line":68,"column":0},"end":{"line":76,"column":18}},"28":{"start":{"line":69,"column":2},"end":{"line":75,"column":3}},"29":{"start":{"line":70,"column":4},"end":{"line":70,"column":46}},"30":{"start":{"line":71,"column":5},"end":{"line":71,"column":58}},"31":{"start":{"line":72,"column":4},"end":{"line":72,"column":11}},"32":{"start":{"line":74,"column":4},"end":{"line":74,"column":11}},"33":{"start":{"line":78,"column":0},"end":{"line":82,"column":1}},"34":{"start":{"line":79,"column":2},"end":{"line":81,"column":5}},"35":{"start":{"line":80,"column":4},"end":{"line":80,"column":52}}},"fnMap":{"0":{"name":"(anonymous_1)","decl":{"start":{"line":15,"column":13},"end":{"line":15,"column":14}},"loc":{"start":{"line":15,"column":45},"end":{"line":17,"column":1}}},"1":{"name":"(anonymous_2)","decl":{"start":{"line":20,"column":15},"end":{"line":20,"column":null}},"loc":{"start":{"line":24,"column":6},"end":{"line":26,"column":3}}},"2":{"name":"(anonymous_3)","decl":{"start":{"line":27,"column":12},"end":{"line":27,"column":null}},"loc":{"start":{"line":31,"column":6},"end":{"line":37,"column":3}}},"3":{"name":"(anonymous_4)","decl":{"start":{"line":40,"column":19},"end":{"line":40,"column":null}},"loc":{"start":{"line":44,"column":4},"end":{"line":53,"column":1}}},"4":{"name":"(anonymous_5)","decl":{"start":{"line":57,"column":38},"end":{"line":57,"column":39}},"loc":{"start":{"line":57,"column":51},"end":{"line":64,"column":1}}},"5":{"name":"(anonymous_6)","decl":{"start":{"line":68,"column":44},"end":{"line":68,"column":45}},"loc":{"start":{"line":68,"column":122},"end":{"line":76,"column":1}}},"6":{"name":"(anonymous_7)","decl":{"start":{"line":79,"column":19},"end":{"line":79,"column":22}},"loc":{"start":{"line":79,"column":24},"end":{"line":81,"column":3}}}},"branchMap":{"0":{"loc":{"start":{"line":47,"column":2},"end":{"line":52,"column":3}},"type":"if","locations":[{"start":{"line":47,"column":2},"end":{"line":52,"column":3}},{"start":{"line":49,"column":9},"end":{"line":52,"column":3}}]},"1":{"loc":{"start":{"line":58,"column":2},"end":{"line":61,"column":3}},"type":"if","locations":[{"start":{"line":58,"column":2},"end":{"line":61,"column":3}}]},"2":{"loc":{"start":{"line":69,"column":2},"end":{"line":75,"column":3}},"type":"if","locations":[{"start":{"line":69,"column":2},"end":{"line":75,"column":3}},{"start":{"line":73,"column":9},"end":{"line":75,"column":3}}]},"3":{"loc":{"start":{"line":69,"column":6},"end":{"line":69,"column":46}},"type":"binary-expr","locations":[{"start":{"line":69,"column":6},"end":{"line":69,"column":39}},{"start":{"line":69,"column":43},"end":{"line":69,"column":46}}]},"4":{"loc":{"start":{"line":78,"column":0},"end":{"line":82,"column":1}},"type":"if","locations":[{"start":{"line":78,"column":0},"end":{"line":82,"column":1}}]}},"s":{"0":1,"1":1,"2":1,"3":1,"4":1,"5":1,"6":1,"7":1,"8":1,"9":0,"10":1,"11":2,"12":2,"13":2,"14":1,"15":3,"16":3,"17":3,"18":2,"19":1,"20":1,"21":1,"22":4,"23":2,"24":2,"25":2,"26":2,"27":1,"28":0,"29":0,"30":0,"31":0,"32":0,"33":1,"34":0,"35":0},"f":{"0":0,"1":2,"2":2,"3":3,"4":4,"5":0,"6":0},"b":{"0":[2,1],"1":[2],"2":[0,0],"3":[0,0],"4":[0]}}
}
