TN:
SF:src\server.ts
FN:15,(anonymous_1)
FN:20,(anonymous_2)
FN:27,(anonymous_3)
FN:40,(anonymous_4)
FN:56,(anonymous_5)
FN:67,(anonymous_6)
FN:78,(anonymous_7)
FNF:7
FNH:5
FNDA:0,(anonymous_1)
FNDA:2,(anonymous_2)
FNDA:2,(anonymous_3)
FNDA:3,(anonymous_4)
FNDA:3,(anonymous_5)
FNDA:1,(anonymous_6)
FNDA:0,(anonymous_7)
DA:1,1
DA:2,1
DA:4,1
DA:6,1
DA:7,1
DA:8,1
DA:9,1
DA:12,1
DA:15,1
DA:16,0
DA:19,1
DA:25,2
DA:32,2
DA:33,2
DA:40,1
DA:45,3
DA:46,3
DA:47,3
DA:48,2
DA:50,1
DA:54,1
DA:56,1
DA:57,3
DA:58,1
DA:59,1
DA:61,2
DA:62,2
DA:67,1
DA:68,1
DA:69,1
DA:70,1
DA:71,1
DA:73,0
DA:77,1
DA:78,0
DA:79,0
LF:36
LH:32
BRDA:47,0,0,2
BRDA:47,0,1,1
BRDA:57,1,0,1
BRDA:68,2,0,1
BRDA:68,2,1,0
BRDA:68,3,0,1
BRDA:68,3,1,1
BRDA:77,4,0,0
BRF:8
BRH:6
end_of_record
