TN:
SF:src\server.ts
FN:15,(anonymous_1)
FN:20,(anonymous_2)
FN:27,(anonymous_3)
FN:40,(anonymous_4)
FN:57,(anonymous_5)
FN:68,(anonymous_6)
FN:79,(anonymous_7)
FNF:7
FNH:4
FNDA:0,(anonymous_1)
FNDA:2,(anonymous_2)
FNDA:2,(anonymous_3)
FNDA:3,(anonymous_4)
FNDA:4,(anonymous_5)
FNDA:0,(anonymous_6)
FNDA:0,(anonymous_7)
DA:1,1
DA:2,1
DA:4,1
DA:6,1
DA:7,1
DA:8,1
DA:9,1
DA:12,1
DA:15,1
DA:16,0
DA:19,1
DA:25,2
DA:32,2
DA:33,2
DA:40,1
DA:45,3
DA:46,3
DA:47,3
DA:48,2
DA:51,1
DA:55,1
DA:57,1
DA:58,4
DA:59,2
DA:60,2
DA:62,2
DA:63,2
DA:68,1
DA:69,0
DA:70,0
DA:71,0
DA:72,0
DA:74,0
DA:78,1
DA:79,0
DA:80,0
LF:36
LH:28
BRDA:47,0,0,2
BRDA:47,0,1,1
BRDA:58,1,0,2
BRDA:69,2,0,0
BRDA:69,2,1,0
BRDA:69,3,0,0
BRDA:69,3,1,0
BRDA:78,4,0,0
BRF:8
BRH:3
end_of_record
